\BOOKMARK [1][-]{section*.2}{Lerneinheit 1}{}% 1
\BOOKMARK [2][-]{section*.3}{Lernziele}{section*.2}% 2
\BOOKMARK [2][-]{section*.4}{Frage 1}{section*.2}% 3
\BOOKMARK [2][-]{section*.5}{Frage 2}{section*.2}% 4
\BOOKMARK [2][-]{section*.6}{Frage 3}{section*.2}% 5
\BOOKMARK [2][-]{section*.7}{Frage 4}{section*.2}% 6
\BOOKMARK [3][-]{section*.8}{Zeichen, Daten, Information und Wissen}{section*.7}% 7
\BOOKMARK [3][-]{section*.9}{Informationssystem}{section*.7}% 8
\BOOKMARK [3][-]{section*.10}{Information als Wirtschaftsgut}{section*.7}% 9
\BOOKMARK [3][-]{section*.11}{Informationslogistische Grundprinzip MIEZO}{section*.7}% 10
\BOOKMARK [2][-]{section*.12}{Frage 5}{section*.2}% 11
\BOOKMARK [3][-]{section*.13}{Systeme}{section*.12}% 12
\BOOKMARK [3][-]{section*.14}{Charakteristika / Eigenschaften}{section*.12}% 13
\BOOKMARK [3][-]{section*.15}{Grundfragen bei der Gestaltung von Informationssystem}{section*.12}% 14
\BOOKMARK [2][-]{section*.16}{Frage 6}{section*.2}% 15
\BOOKMARK [3][-]{section*.17}{Arten von Informationssytemen:}{section*.16}% 16
\BOOKMARK [1][-]{section*.18}{Lerneinheit 2}{}% 17
\BOOKMARK [2][-]{section*.19}{Lernziele}{section*.18}% 18
\BOOKMARK [2][-]{section*.20}{Frage 1}{section*.18}% 19
\BOOKMARK [3][-]{section*.21}{Technologie-Trends \205 Gartner's Hype Cycle}{section*.20}% 20
\BOOKMARK [3][-]{section*.22}{Moore's Law}{section*.20}% 21
\BOOKMARK [3][-]{section*.23}{Web 2.0}{section*.20}% 22
\BOOKMARK [3][-]{section*.24}{Mobility \046 Consumerization}{section*.20}% 23
\BOOKMARK [3][-]{section*.25}{Planbarkeit}{section*.20}% 24
\BOOKMARK [3][-]{section*.26}{Big Data \046 Datenverf\374gbarkeit}{section*.20}% 25
\BOOKMARK [3][-]{section*.27}{Cloud Computing}{section*.20}% 26
\BOOKMARK [2][-]{section*.28}{Frage 2}{section*.18}% 27
\BOOKMARK [3][-]{section*.29}{Digitalisierung}{section*.28}% 28
\BOOKMARK [3][-]{section*.30}{Plattform}{section*.28}% 29
\BOOKMARK [3][-]{section*.31}{Plattform\366kosystem}{section*.28}% 30
\BOOKMARK [3][-]{section*.32}{Zwei Perspektiven auf Plattform \326kosysteme}{section*.28}% 31
\BOOKMARK [2][-]{section*.33}{Frage 3}{section*.18}% 32
\BOOKMARK [3][-]{section*.34}{Technik, Innovationen, Wettbewerb}{section*.33}% 33
\BOOKMARK [2][-]{section*.35}{Frage 4}{section*.18}% 34
\BOOKMARK [3][-]{section*.36}{Ver\344nderung der Rolle der IKT}{section*.35}% 35
\BOOKMARK [3][-]{section*.37}{Einfluss IKT auf Organisation:}{section*.35}% 36
\BOOKMARK [2][-]{section*.38}{Frage 5}{section*.18}% 37
\BOOKMARK [3][-]{section*.39}{Prozessorientierung als organisatorisches Paradigma}{section*.38}% 38
\BOOKMARK [1][-]{section*.40}{Lerneineit 3}{}% 39
\BOOKMARK [2][-]{section*.41}{Lernziele}{section*.40}% 40
\BOOKMARK [2][-]{section*.42}{Frage 1}{section*.40}% 41
\BOOKMARK [3][-]{section*.43}{Warum Modelle?}{section*.42}% 42
\BOOKMARK [3][-]{section*.44}{Elemente von Modellen}{section*.42}% 43
\BOOKMARK [3][-]{section*.45}{Schritte der Modellierung}{section*.42}% 44
\BOOKMARK [3][-]{section*.46}{Arten von Modellen}{section*.42}% 45
\BOOKMARK [3][-]{section*.47}{Aspekte der Modellierung}{section*.42}% 46
\BOOKMARK [2][-]{section*.48}{Frage 2}{section*.40}% 47
\BOOKMARK [3][-]{section*.49}{Referenz:}{section*.48}% 48
\BOOKMARK [3][-]{section*.50}{Ein Referenz-Informationsmodell ist \203}{section*.48}% 49
\BOOKMARK [3][-]{section*.51}{Vereinfacht/tldr:}{section*.48}% 50
\BOOKMARK [3][-]{section*.52}{Beschreibung:}{section*.48}% 51
\BOOKMARK [3][-]{section*.53}{Anforderungen}{section*.48}% 52
\BOOKMARK [3][-]{section*.54}{Vergleich Modell und Referenzmodell}{section*.48}% 53
\BOOKMARK [3][-]{section*.55}{Vor- und Nachteile}{section*.48}% 54
\BOOKMARK [3][-]{section*.56}{Metamodell}{section*.48}% 55
\BOOKMARK [3][-]{section*.57}{Ordnungsrahmen}{section*.48}% 56
\BOOKMARK [2][-]{section*.58}{Frage 3}{section*.40}% 57
\BOOKMARK [3][-]{section*.59}{Handels-H}{section*.58}% 58
\BOOKMARK [3][-]{section*.60}{CIM \(Computer Integrated Manufacturing Model\)}{section*.58}% 59
\BOOKMARK [3][-]{section*.61}{SCOR-Modell \(Supply Chain Operations Reference Model\)}{section*.58}% 60
\BOOKMARK [1][-]{section*.62}{Lerneinheit 4}{}% 61
\BOOKMARK [2][-]{section*.63}{Lernziele}{section*.62}% 62
\BOOKMARK [2][-]{section*.64}{Frage 1}{section*.62}% 63
\BOOKMARK [3][-]{section*.65}{ARIS \(Haus\)}{section*.64}% 64
\BOOKMARK [3][-]{section*.66}{Beschreibung der Sichten}{section*.64}% 65
\BOOKMARK [3][-]{section*.67}{Beschreibung der Schichten}{section*.64}% 66
\BOOKMARK [3][-]{section*.68}{EPK \205 Steuerung: Fachkonzept}{section*.64}% 67
\BOOKMARK [2][-]{section*.69}{Frage 2}{section*.62}% 68
\BOOKMARK [3][-]{section*.70}{ERM \205 Datensicht: Fachkonzept \046 DV-Konzept \046 Implementierung}{section*.69}% 69
\BOOKMARK [3][-]{section*.71}{Modellierung des DV-Konzepts}{section*.69}% 70
\BOOKMARK [3][-]{section*.72}{Implementierungsebene}{section*.69}% 71
\BOOKMARK [3][-]{section*.73}{Merkmal der Objektorientierung}{section*.69}% 72
\BOOKMARK [2][-]{section*.74}{Frage 3}{section*.62}% 73
\BOOKMARK [3][-]{section*.75}{Wozu dient UML?}{section*.74}% 74
\BOOKMARK [1][-]{section*.76}{Lerneinheit 5}{}% 75
\BOOKMARK [2][-]{section*.77}{Lernziele}{section*.76}% 76
\BOOKMARK [2][-]{section*.78}{Frage 1}{section*.76}% 77
\BOOKMARK [2][-]{section*.79}{Frage 2}{section*.76}% 78
\BOOKMARK [3][-]{section*.80}{Gesch\344ftsmodell}{section*.79}% 79
\BOOKMARK [3][-]{section*.81}{Elemente eines Gesch\344ftsmodells}{section*.79}% 80
\BOOKMARK [3][-]{section*.82}{Gesch\344ftsmodellinovation}{section*.79}% 81
\BOOKMARK [3][-]{section*.83}{Canvas Elemente}{section*.79}% 82
\BOOKMARK [3][-]{section*.84}{ e3 Value Method}{section*.79}% 83
\BOOKMARK [3][-]{section*.85}{Elemente}{section*.79}% 84
\BOOKMARK [3][-]{section*.86}{Service Blueprint}{section*.79}% 85
\BOOKMARK [3][-]{section*.87}{Linien und Ebenen im Service Blueprint}{section*.79}% 86
\BOOKMARK [2][-]{section*.88}{Frage 3}{section*.76}% 87
\BOOKMARK [1][-]{section*.89}{Lerneinheit 6}{}% 88
\BOOKMARK [2][-]{section*.90}{Lernziele}{section*.89}% 89
\BOOKMARK [2][-]{section*.91}{Frage 1}{section*.89}% 90
\BOOKMARK [3][-]{section*.92}{Enterprise Resource Planning \(ERP\)Zusammen mit einer zentralen Datenbasis verbunden}{section*.91}% 91
\BOOKMARK [2][-]{section*.93}{Frage 2}{section*.89}% 92
\BOOKMARK [3][-]{section*.94}{Prozessmodell}{section*.93}% 93
\BOOKMARK [3][-]{section*.95}{Klassifikation der F\374hrungsunterst\374tzungssysteme}{section*.93}% 94
\BOOKMARK [3][-]{section*.96}{Ursachen zunehmender Informationsbedeutung}{section*.93}% 95
\BOOKMARK [3][-]{section*.97}{Business Intelligence}{section*.93}% 96
\BOOKMARK [1][-]{section*.98}{Lerneinheit 7}{}% 97
\BOOKMARK [2][-]{section*.99}{Lernziele}{section*.98}% 98
\BOOKMARK [2][-]{section*.100}{Frage 1}{section*.98}% 99
\BOOKMARK [3][-]{section*.101}{Supply Chain Management}{section*.100}% 100
\BOOKMARK [3][-]{section*.102}{Prinzipien der Materialversorgung}{section*.100}% 101
\BOOKMARK [2][-]{section*.103}{Frage 2}{section*.98}% 102
\BOOKMARK [3][-]{section*.104}{Electronic Business}{section*.103}% 103
\BOOKMARK [3][-]{section*.105}{Electronic Commerce}{section*.103}% 104
\BOOKMARK [3][-]{section*.106}{Electronic Business}{section*.103}% 105
\BOOKMARK [2][-]{section*.107}{Frage 3}{section*.98}% 106
\BOOKMARK [3][-]{section*.108}{Electronic Data Interchange \(EDI\)}{section*.107}% 107
\BOOKMARK [3][-]{section*.109}{Electronic Data Interchange For Adminsistration Commerce and Transport \(EDIFACT\)}{section*.107}% 108
\BOOKMARK [3][-]{section*.110}{Electronic Goverment}{section*.107}% 109
\BOOKMARK [2][-]{section*.111}{Frage 4}{section*.98}% 110
\BOOKMARK [3][-]{section*.112}{Electronic Goverment}{section*.111}% 111
\BOOKMARK [2][-]{section*.113}{Frage 5}{section*.98}% 112
\BOOKMARK [1][-]{section*.114}{Lerneinheit 8}{}% 113
\BOOKMARK [2][-]{section*.115}{Lernziele}{section*.114}% 114
\BOOKMARK [2][-]{section*.116}{Frage 1}{section*.114}% 115
\BOOKMARK [3][-]{section*.117}{Markt-ver\344nderungen \(MRKPTW\)}{section*.116}% 116
\BOOKMARK [3][-]{section*.118}{Regulatoren}{section*.116}% 117
\BOOKMARK [3][-]{section*.119}{Kundenstruktur}{section*.116}% 118
\BOOKMARK [3][-]{section*.120}{Produktkomplexit\344t}{section*.116}% 119
\BOOKMARK [3][-]{section*.121}{Technologie}{section*.116}% 120
\BOOKMARK [3][-]{section*.122}{Wettbewerbsf\344higkeit}{section*.116}% 121
\BOOKMARK [2][-]{section*.123}{Frage 2}{section*.114}% 122
\BOOKMARK [3][-]{section*.124}{Kerngesch\344ft und -prozesse einer Bank \(VATTUF\)}{section*.123}% 123
\BOOKMARK [3][-]{section*.125}{Vertriebspozesse}{section*.123}% 124
\BOOKMARK [3][-]{section*.126}{Ausf\374hrung/Abwicklung}{section*.123}% 125
\BOOKMARK [3][-]{section*.127}{Transaktionsbezogene Prozesse}{section*.123}% 126
\BOOKMARK [3][-]{section*.128}{Transaktions\374bergreifende Prozesse}{section*.123}% 127
\BOOKMARK [3][-]{section*.129}{Unterst\374tzungsprozesse}{section*.123}% 128
\BOOKMARK [3][-]{section*.130}{F\374hrungspozesse}{section*.123}% 129
\BOOKMARK [2][-]{section*.131}{Frage 3}{section*.114}% 130
\BOOKMARK [3][-]{section*.132}{IT spielt dominante Rolle im Bankensektor}{section*.131}% 131
\BOOKMARK [3][-]{section*.133}{Ziele des IT-Einsatzes im Bankensektor}{section*.131}% 132
\BOOKMARK [3][-]{section*.134}{Anforderungen an IT in Banken}{section*.131}% 133
\BOOKMARK [2][-]{section*.135}{Frage 4}{section*.114}% 134
\BOOKMARK [3][-]{section*.136}{Algorithmic Trading}{section*.135}% 135
\BOOKMARK [3][-]{section*.137}{Core Banking Systeme \(CBS\)}{section*.135}% 136
\BOOKMARK [3][-]{section*.138}{E-Commerce Bazahlsysteme??? INHALT?}{section*.135}% 137
\BOOKMARK [1][-]{section*.139}{Lerneinheit 9}{}% 138
\BOOKMARK [2][-]{section*.140}{Lernziele}{section*.139}% 139
\BOOKMARK [2][-]{section*.141}{Frage 1}{section*.139}% 140
\BOOKMARK [3][-]{section*.142}{Gruppe}{section*.141}% 141
\BOOKMARK [3][-]{section*.143}{Einfluss der Gruppe auf das Verhalten des Einzelnen}{section*.141}% 142
\BOOKMARK [2][-]{section*.144}{Frage 2}{section*.139}% 143
\BOOKMARK [3][-]{section*.145}{Social Computing}{section*.144}% 144
\BOOKMARK [3][-]{section*.146}{Social Software}{section*.144}% 145
\BOOKMARK [3][-]{section*.147}{Computer-Supported Cooperative Work \(CSCW\)}{section*.144}% 146
\BOOKMARK [2][-]{section*.148}{Frage 3}{section*.139}% 147
\BOOKMARK [3][-]{section*.149}{Web 1.0 vs. Web 2.0}{section*.148}% 148
\BOOKMARK [2][-]{section*.150}{Frage 4}{section*.139}% 149
\BOOKMARK [3][-]{section*.151}{Workgroup Computing}{section*.150}% 150
\BOOKMARK [3][-]{section*.152}{Anwedungsf\344lle}{section*.150}% 151
\BOOKMARK [3][-]{section*.153}{Workflowsysteme}{section*.150}% 152
\BOOKMARK [3][-]{section*.154}{Ziele}{section*.150}% 153
\BOOKMARK [3][-]{section*.155}{Workflow vs. Workgroup Computing}{section*.150}% 154
\BOOKMARK [1][-]{section*.156}{Lerneinheit 10}{}% 155
\BOOKMARK [2][-]{section*.157}{Lernziele}{section*.156}% 156
\BOOKMARK [2][-]{section*.158}{Frage 1}{section*.156}% 157
\BOOKMARK [3][-]{section*.159}{Vorteil Standardsoftware}{section*.158}% 158
\BOOKMARK [3][-]{section*.160}{Nachteil Standardsoftware}{section*.158}% 159
\BOOKMARK [2][-]{section*.161}{Frage 2}{section*.156}% 160
\BOOKMARK [3][-]{section*.162}{Kosten-Nutzen-Analyse}{section*.161}% 161
\BOOKMARK [2][-]{section*.163}{Frage 3}{section*.156}% 162
\BOOKMARK [3][-]{section*.164}{Nutzenkategorien von Anwendungssystemen}{section*.163}% 163
\BOOKMARK [3][-]{section*.165}{Phasen zur Entwicklung von Individualsoftware}{section*.163}% 164
\BOOKMARK [3][-]{section*.166}{Wasserfallmodell}{section*.163}% 165
\BOOKMARK [3][-]{section*.167}{V-Modell}{section*.163}% 166
\BOOKMARK [3][-]{section*.168}{Prototyping}{section*.163}% 167
\BOOKMARK [3][-]{section*.169}{Agile Softwareentwicklung}{section*.163}% 168
\BOOKMARK [3][-]{section*.170}{SCRUM}{section*.163}% 169
\BOOKMARK [3][-]{section*.171}{Extreme Programming \(XP\)}{section*.163}% 170
\BOOKMARK [1][-]{section*.172}{Lerneinheit 11}{}% 171
\BOOKMARK [2][-]{section*.173}{Lernziele}{section*.172}% 172
\BOOKMARK [2][-]{section*.174}{Frage 1}{section*.172}% 173
\BOOKMARK [3][-]{section*.175}{Informationsmanagement}{section*.174}% 174
\BOOKMARK [3][-]{section*.176}{Kernaufgaben}{section*.174}% 175
\BOOKMARK [2][-]{section*.177}{Frage 2}{section*.172}% 176
\BOOKMARK [3][-]{section*.178}{Einordnung der IM-Funktion in die Aufbauorganisation}{section*.177}% 177
\BOOKMARK [2][-]{section*.179}{Frage 3}{section*.172}% 178
\BOOKMARK [3][-]{section*.180}{Outsourcing}{section*.179}% 179
\BOOKMARK [3][-]{section*.181}{externes Outsourcing}{section*.179}% 180
\BOOKMARK [3][-]{section*.182}{internes Outsourcing}{section*.179}% 181
\BOOKMARK [3][-]{section*.183}{Gr\374nde f\374r Outsourcing}{section*.179}% 182
\BOOKMARK [3][-]{section*.184}{Risiken des Outsourcing}{section*.179}% 183
\BOOKMARK [2][-]{section*.185}{Frage 4}{section*.172}% 184
\BOOKMARK [3][-]{section*.186}{Einfluss der IKT auf die Organisation: IKT als Enabler}{section*.185}% 185
\BOOKMARK [3][-]{section*.187}{Produktivit\344tsparadoxon}{section*.185}% 186
\BOOKMARK [1][-]{section*.188}{Gastvortrag \205 SupplyOn}{}% 187
\BOOKMARK [2][-]{section*.189}{zu der Firma}{section*.188}% 188
\BOOKMARK [3][-]{section*.190}{Warum ist SCM eine komplexe Aufgabe}{section*.189}% 189
\BOOKMARK [3][-]{section*.191}{Was ist zu synchronisieren?}{section*.189}% 190
\BOOKMARK [3][-]{section*.192}{Was sind Voraussetzungen f\374r effektives SCM unter den gestiegenen Anforderungen einer globaleren Wirtschaft}{section*.189}% 191
\BOOKMARK [3][-]{section*.193}{Industrie 4.0}{section*.189}% 192
